Neither @ContextConfiguration nor @ContextHierarchy found for test class [com.cloudstone.gsms.GsmsApplicationTests], using SpringBootContextLoader
Could not detect default resource locations for test class [com.cloudstone.gsms.GsmsApplicationTests]: no resource found for suffixes {-context.xml, Context.groovy}.
Could not detect default configuration classes for test class [com.cloudstone.gsms.GsmsApplicationTests]: GsmsApplicationTests does not declare any static, non-private, non-final, nested classes annotated with @Configuration.
Found @SpringBootConfiguration com.cloudstone.gsms.GsmsApplication for test class com.cloudstone.gsms.GsmsApplicationTests
Loaded default TestExecutionListener class names from location [META-INF/spring.factories]: [org.springframework.boot.test.mock.mockito.MockitoTestExecutionListener, org.springframework.boot.test.mock.mockito.ResetMocksTestExecutionListener, org.springframework.boot.test.autoconfigure.restdocs.RestDocsTestExecutionListener, org.springframework.boot.test.autoconfigure.web.client.MockRestServiceServerResetTestExecutionListener, org.springframework.boot.test.autoconfigure.web.servlet.MockMvcPrintOnlyOnFailureTestExecutionListener, org.springframework.boot.test.autoconfigure.web.servlet.WebDriverTestExecutionListener, org.springframework.boot.test.autoconfigure.webservices.client.MockWebServiceServerTestExecutionListener, org.springframework.test.context.web.ServletTestExecutionListener, org.springframework.test.context.support.DirtiesContextBeforeModesTestExecutionListener, org.springframework.test.context.support.DependencyInjectionTestExecutionListener, org.springframework.test.context.support.DirtiesContextTestExecutionListener, org.springframework.test.context.transaction.TransactionalTestExecutionListener, org.springframework.test.context.jdbc.SqlScriptsTestExecutionListener, org.springframework.test.context.event.EventPublishingTestExecutionListener]
Using TestExecutionListeners: [org.springframework.test.context.web.ServletTestExecutionListener@1169afe1, org.springframework.test.context.support.DirtiesContextBeforeModesTestExecutionListener@2ca26d77, org.springframework.boot.test.mock.mockito.MockitoTestExecutionListener@4808bc9b, org.springframework.boot.test.autoconfigure.SpringBootDependencyInjectionTestExecutionListener@70e38ce1, org.springframework.test.context.support.DirtiesContextTestExecutionListener@2ca923bb, org.springframework.test.context.transaction.TransactionalTestExecutionListener@13df2a8c, org.springframework.test.context.jdbc.SqlScriptsTestExecutionListener@1ebea008, org.springframework.test.context.event.EventPublishingTestExecutionListener@72d6b3ba, org.springframework.boot.test.mock.mockito.ResetMocksTestExecutionListener@1787f2a0, org.springframework.boot.test.autoconfigure.restdocs.RestDocsTestExecutionListener@7de62196, org.springframework.boot.test.autoconfigure.web.client.MockRestServiceServerResetTestExecutionListener@163370c2, org.springframework.boot.test.autoconfigure.web.servlet.MockMvcPrintOnlyOnFailureTestExecutionListener@51bf5add, org.springframework.boot.test.autoconfigure.web.servlet.WebDriverTestExecutionListener@7905a0b8, org.springframework.boot.test.autoconfigure.webservices.client.MockWebServiceServerTestExecutionListener@35a3d49f]
Starting GsmsApplicationTests on LAPTOP-NJK7IGJQ with PID 270 (started by aardwolf in /mnt/d/mysoftware/gsms)
The following profiles are active: dev
Bootstrapping Spring Data JPA repositories in DEFERRED mode.
Finished Spring Data repository scanning in 182ms. Found 3 JPA repository interfaces.
No MyBatis mapper was found in '[com.cloudstone.gsms.mapper]' package. Please check your configuration.
Initializing ExecutorService 'applicationTaskExecutor'
HHH000204: Processing PersistenceUnitInfo [name: default]
HHH000412: Hibernate ORM core version 5.4.18.Final
HCANN000001: Hibernate Commons Annotations {5.1.0.Final}
spring.jpa.open-in-view is enabled by default. Therefore, database queries may be performed during view rendering. Explicitly configure spring.jpa.open-in-view to disable this warning
HikariPool-1 - Starting...
HikariPool-1 - Start completed.
HHH000400: Using dialect: org.hibernate.dialect.MySQL8Dialect
HHH000490: Using JtaPlatform implementation: [org.hibernate.engine.transaction.jta.platform.internal.NoJtaPlatform]
Initialized JPA EntityManagerFactory for persistence unit 'default'
Triggering deferred initialization of Spring Data repositories…
Spring Data repositories initialized!
Started GsmsApplicationTests in 8.041 seconds (JVM running for 9.818)
Closing JPA EntityManagerFactory for persistence unit 'default'
Shutting down ExecutorService 'applicationTaskExecutor'
HikariPool-1 - Shutdown initiated...
HikariPool-1 - Shutdown completed.
